<?xml version="1.0" encoding="UTF-8"?>
<!-- Generated by org.testng.reporters.JUnitXMLReporter -->
<testsuite ignored="0" hostname="SNEHA" failures="0" tests="3" name="Test" time="0.065" errors="0" timestamp="2023-03-06T22:11:27 IST">
  <testcase classname="TestNGPractice.TestBaceClass" name="@BeforeClass setUp" time="-1.678120887498E9">
    <failure type="org.testng.TestNGException" message="
Parameter &amp;apos;BrowserName&amp;apos; is required by BeforeClass on method setUp but has not been marked @Optional or defined
in H:\workspaceECLIPSE\SELENIUM\testng.xml">
      <![CDATA[org.testng.TestNGException: 
Parameter 'BrowserName' is required by BeforeClass on method setUp but has not been marked @Optional or defined
in H:\workspaceECLIPSE\SELENIUM\testng.xml
at java.base/java.util.concurrent.ThreadPoolExecutor.runWorker(ThreadPoolExecutor.java:1136)
at java.base/java.util.concurrent.ThreadPoolExecutor$Worker.run(ThreadPoolExecutor.java:635)
at java.base/java.lang.Thread.run(Thread.java:833)
... Removed 7 stack frames]]>
    </failure>
  </testcase> <!-- @BeforeClass setUp -->
  <testcase classname="TestNGPractice.TestBaceClass" name="@BeforeClass setUp" time="-1.678120887503E9">
    <failure type="org.testng.TestNGException" message="
Parameter &amp;apos;BrowserName&amp;apos; is required by BeforeClass on method setUp but has not been marked @Optional or defined
in H:\workspaceECLIPSE\SELENIUM\testng.xml">
      <![CDATA[org.testng.TestNGException: 
Parameter 'BrowserName' is required by BeforeClass on method setUp but has not been marked @Optional or defined
in H:\workspaceECLIPSE\SELENIUM\testng.xml
at java.base/java.util.concurrent.ThreadPoolExecutor.runWorker(ThreadPoolExecutor.java:1136)
at java.base/java.util.concurrent.ThreadPoolExecutor$Worker.run(ThreadPoolExecutor.java:635)
at java.base/java.lang.Thread.run(Thread.java:833)
... Removed 7 stack frames]]>
    </failure>
  </testcase> <!-- @BeforeClass setUp -->
  <testcase classname="TestNGPractice.TestBaceClass" name="@BeforeClass setUp" time="-1.678120887503E9">
    <failure type="org.testng.TestNGException" message="
Parameter &amp;apos;BrowserName&amp;apos; is required by BeforeClass on method setUp but has not been marked @Optional or defined
in H:\workspaceECLIPSE\SELENIUM\testng.xml">
      <![CDATA[org.testng.TestNGException: 
Parameter 'BrowserName' is required by BeforeClass on method setUp but has not been marked @Optional or defined
in H:\workspaceECLIPSE\SELENIUM\testng.xml
at java.base/java.util.concurrent.ThreadPoolExecutor.runWorker(ThreadPoolExecutor.java:1136)
at java.base/java.util.concurrent.ThreadPoolExecutor$Worker.run(ThreadPoolExecutor.java:635)
at java.base/java.lang.Thread.run(Thread.java:833)
... Removed 7 stack frames]]>
    </failure>
  </testcase> <!-- @BeforeClass setUp -->
  <testcase classname="TestNGPractice.TestBaceClass" name="@BeforeMethod LogInFunctionality" time="-1.678120887519E9">
    <skipped/>
  </testcase> <!-- @BeforeMethod LogInFunctionality -->
  <testcase classname="TestNGPractice.TestBaceClass" name="@BeforeMethod LogInFunctionality" time="-1.678120887519E9">
    <skipped/>
  </testcase> <!-- @BeforeMethod LogInFunctionality -->
  <testcase classname="TestNGPractice.TestBaceClass" name="@BeforeMethod LogInFunctionality" time="-1.678120887519E9">
    <skipped/>
  </testcase> <!-- @BeforeMethod LogInFunctionality -->
  <testcase classname="TestNGPractice.TestBaceClass" name="@AfterMethod LogOutFunctionality" time="-1.678120887531E9">
    <skipped/>
  </testcase> <!-- @AfterMethod LogOutFunctionality -->
  <testcase classname="TestNGPractice.TestBaceClass" name="@AfterMethod LogOutFunctionality" time="-1.678120887531E9">
    <skipped/>
  </testcase> <!-- @AfterMethod LogOutFunctionality -->
  <testcase classname="TestNGPractice.TestBaceClass" name="@AfterClass CloseBrowser" time="-1.678120887533E9">
    <skipped/>
  </testcase> <!-- @AfterClass CloseBrowser -->
  <testcase classname="TestNGPractice.TestBaceClass" name="@AfterMethod LogOutFunctionality" time="-1.678120887533E9">
    <skipped/>
  </testcase> <!-- @AfterMethod LogOutFunctionality -->
  <testcase classname="TestNGPractice.TestBaceClass" name="@AfterClass CloseBrowser" time="-1.678120887534E9">
    <skipped/>
  </testcase> <!-- @AfterClass CloseBrowser -->
  <testcase classname="TestNGPractice.TestBaceClass" name="@AfterClass CloseBrowser" time="-1.678120887535E9">
    <skipped/>
  </testcase> <!-- @AfterClass CloseBrowser -->
  <testcase classname="TestNGPractice.TC01VerifyHomePage" name="VerifyHomePage" time="0.0">
    <skipped/>
  </testcase> <!-- VerifyHomePage -->
  <testcase classname="TestNGPractice.TC02VerifyCartPage" name="CartPage" time="0.0">
    <skipped/>
  </testcase> <!-- CartPage -->
  <testcase classname="TestNGPractice.TC03VerifyBuyPage" name="VerifyPage" time="0.0">
    <skipped/>
  </testcase> <!-- VerifyPage -->
</testsuite> <!-- Test -->
