<html>
<head>
<title>TestNG:  Test</title>
<link href="../testng.css" rel="stylesheet" type="text/css" />
<link href="../my-testng.css" rel="stylesheet" type="text/css" />

<style type="text/css">
.log { display: none;} 
.stack-trace { display: none;} 
</style>
<script type="text/javascript">
<!--
function flip(e) {
  current = e.style.display;
  if (current == 'block') {
    e.style.display = 'none';
    return 0;
  }
  else {
    e.style.display = 'block';
    return 1;
  }
}

function toggleBox(szDivId, elem, msg1, msg2)
{
  var res = -1;  if (document.getElementById) {
    res = flip(document.getElementById(szDivId));
  }
  else if (document.all) {
    // this is the way old msie versions work
    res = flip(document.all[szDivId]);
  }
  if(elem) {
    if(res == 0) elem.innerHTML = msg1; else elem.innerHTML = msg2;
  }

}

function toggleAllBoxes() {
  if (document.getElementsByTagName) {
    d = document.getElementsByTagName('div');
    for (i = 0; i < d.length; i++) {
      if (d[i].className == 'log') {
        flip(d[i]);
      }
    }
  }
}

// -->
</script>

</head>
<body>
<h2 align='center'>Test</h2><table border='1' align="center">
<tr>
<td>Tests passed/Failed/Skipped:</td><td>0/0/3</td>
</tr><tr>
<td>Started on:</td><td>Mon Mar 06 22:11:27 IST 2023</td>
</tr>
<tr><td>Total time:</td><td>0 seconds (65 ms)</td>
</tr><tr>
<td>Included groups:</td><td></td>
</tr><tr>
<td>Excluded groups:</td><td></td>
</tr>
</table><p/>
<small><i>(Hover the method name to see the test class name)</i></small><p/>
<table width='100%' border='1' class='invocation-failed'>
<tr><td colspan='4' align='center'><b>FAILED CONFIGURATIONS</b></td></tr>
<tr><td><b>Test method</b></td>
<td width="30%"><b>Exception</b></td>
<td width="10%"><b>Time (seconds)</b></td>
<td><b>Instance</b></td>
</tr>
<tr>
<td title='TestNGPractice.TC02VerifyCartPage.setUp()'><b>setUp</b><br>Test class: TestNGPractice.TC02VerifyCartPage</td>
<td><div><pre>org.testng.TestNGException: 
Parameter &apos;BrowserName&apos; is required by BeforeClass on method setUp but has not been marked @Optional or defined
in H:\workspaceECLIPSE\SELENIUM\testng.xml
	at java.base/java.util.concurrent.ThreadPoolExecutor.runWorker(ThreadPoolExecutor.java:1136)
	at java.base/java.util.concurrent.ThreadPoolExecutor$Worker.run(ThreadPoolExecutor.java:635)
	at java.base/java.lang.Thread.run(Thread.java:833)
... Removed 7 stack frames</pre></div><a href='#' onClick='toggleBox("stack-trace816363825", this, "Click to show all stack frames", "Click to hide stack frames")'>Click to show all stack frames</a>
<div class='stack-trace' id='stack-trace816363825'><pre>org.testng.TestNGException: 
Parameter &apos;BrowserName&apos; is required by BeforeClass on method setUp but has not been marked @Optional or defined
in H:\workspaceECLIPSE\SELENIUM\testng.xml
	at org.testng.internal.Parameters.createParams(Parameters.java:270)
	at org.testng.internal.Parameters.createParametersForMethod(Parameters.java:358)
	at org.testng.internal.Parameters.createParameters(Parameters.java:700)
	at org.testng.internal.Parameters.createConfigurationParameters(Parameters.java:168)
	at org.testng.internal.ConfigInvoker.invokeConfigurations(ConfigInvoker.java:302)
	at org.testng.internal.TestMethodWorker.invokeBeforeClassMethods(TestMethodWorker.java:176)
	at org.testng.internal.TestMethodWorker.run(TestMethodWorker.java:122)
	at java.base/java.util.concurrent.ThreadPoolExecutor.runWorker(ThreadPoolExecutor.java:1136)
	at java.base/java.util.concurrent.ThreadPoolExecutor$Worker.run(ThreadPoolExecutor.java:635)
	at java.base/java.lang.Thread.run(Thread.java:833)
</pre></div></td>
<td>-1678120887</td>
<td>TestNGPractice.TC02VerifyCartPage@550dbc7a</td></tr>
<tr>
<td title='TestNGPractice.TC03VerifyBuyPage.setUp()'><b>setUp</b><br>Test class: TestNGPractice.TC03VerifyBuyPage</td>
<td><div><pre>org.testng.TestNGException: 
Parameter &apos;BrowserName&apos; is required by BeforeClass on method setUp but has not been marked @Optional or defined
in H:\workspaceECLIPSE\SELENIUM\testng.xml
	at java.base/java.util.concurrent.ThreadPoolExecutor.runWorker(ThreadPoolExecutor.java:1136)
	at java.base/java.util.concurrent.ThreadPoolExecutor$Worker.run(ThreadPoolExecutor.java:635)
	at java.base/java.lang.Thread.run(Thread.java:833)
... Removed 7 stack frames</pre></div><a href='#' onClick='toggleBox("stack-trace2071766566", this, "Click to show all stack frames", "Click to hide stack frames")'>Click to show all stack frames</a>
<div class='stack-trace' id='stack-trace2071766566'><pre>org.testng.TestNGException: 
Parameter &apos;BrowserName&apos; is required by BeforeClass on method setUp but has not been marked @Optional or defined
in H:\workspaceECLIPSE\SELENIUM\testng.xml
	at org.testng.internal.Parameters.createParams(Parameters.java:270)
	at org.testng.internal.Parameters.createParametersForMethod(Parameters.java:358)
	at org.testng.internal.Parameters.createParameters(Parameters.java:700)
	at org.testng.internal.Parameters.createConfigurationParameters(Parameters.java:168)
	at org.testng.internal.ConfigInvoker.invokeConfigurations(ConfigInvoker.java:302)
	at org.testng.internal.TestMethodWorker.invokeBeforeClassMethods(TestMethodWorker.java:176)
	at org.testng.internal.TestMethodWorker.run(TestMethodWorker.java:122)
	at java.base/java.util.concurrent.ThreadPoolExecutor.runWorker(ThreadPoolExecutor.java:1136)
	at java.base/java.util.concurrent.ThreadPoolExecutor$Worker.run(ThreadPoolExecutor.java:635)
	at java.base/java.lang.Thread.run(Thread.java:833)
</pre></div></td>
<td>-1678120887</td>
<td>TestNGPractice.TC03VerifyBuyPage@21282ed8</td></tr>
<tr>
<td title='TestNGPractice.TC01VerifyHomePage.setUp()'><b>setUp</b><br>Test class: TestNGPractice.TC01VerifyHomePage</td>
<td><div><pre>org.testng.TestNGException: 
Parameter &apos;BrowserName&apos; is required by BeforeClass on method setUp but has not been marked @Optional or defined
in H:\workspaceECLIPSE\SELENIUM\testng.xml
	at java.base/java.util.concurrent.ThreadPoolExecutor.runWorker(ThreadPoolExecutor.java:1136)
	at java.base/java.util.concurrent.ThreadPoolExecutor$Worker.run(ThreadPoolExecutor.java:635)
	at java.base/java.lang.Thread.run(Thread.java:833)
... Removed 7 stack frames</pre></div><a href='#' onClick='toggleBox("stack-trace274081912", this, "Click to show all stack frames", "Click to hide stack frames")'>Click to show all stack frames</a>
<div class='stack-trace' id='stack-trace274081912'><pre>org.testng.TestNGException: 
Parameter &apos;BrowserName&apos; is required by BeforeClass on method setUp but has not been marked @Optional or defined
in H:\workspaceECLIPSE\SELENIUM\testng.xml
	at org.testng.internal.Parameters.createParams(Parameters.java:270)
	at org.testng.internal.Parameters.createParametersForMethod(Parameters.java:358)
	at org.testng.internal.Parameters.createParameters(Parameters.java:700)
	at org.testng.internal.Parameters.createConfigurationParameters(Parameters.java:168)
	at org.testng.internal.ConfigInvoker.invokeConfigurations(ConfigInvoker.java:302)
	at org.testng.internal.TestMethodWorker.invokeBeforeClassMethods(TestMethodWorker.java:176)
	at org.testng.internal.TestMethodWorker.run(TestMethodWorker.java:122)
	at java.base/java.util.concurrent.ThreadPoolExecutor.runWorker(ThreadPoolExecutor.java:1136)
	at java.base/java.util.concurrent.ThreadPoolExecutor$Worker.run(ThreadPoolExecutor.java:635)
	at java.base/java.lang.Thread.run(Thread.java:833)
</pre></div></td>
<td>-1678120887</td>
<td>TestNGPractice.TC01VerifyHomePage@3e11f9e9</td></tr>
</table><p>
<table width='100%' border='1' class='invocation-skipped'>
<tr><td colspan='4' align='center'><b>SKIPPED CONFIGURATIONS</b></td></tr>
<tr><td><b>Test method</b></td>
<td width="30%"><b>Exception</b></td>
<td width="10%"><b>Time (seconds)</b></td>
<td><b>Instance</b></td>
</tr>
<tr>
<td title='TestNGPractice.TC02VerifyCartPage.LogOutFunctionality()'><b>LogOutFunctionality</b><br>Test class: TestNGPractice.TC02VerifyCartPage</td>
<td></td>
<td>-1678120887</td>
<td>TestNGPractice.TC02VerifyCartPage@550dbc7a</td></tr>
<tr>
<td title='TestNGPractice.TC01VerifyHomePage.CloseBrowser()'><b>CloseBrowser</b><br>Test class: TestNGPractice.TC01VerifyHomePage</td>
<td></td>
<td>-1678120887</td>
<td>TestNGPractice.TC01VerifyHomePage@3e11f9e9</td></tr>
<tr>
<td title='TestNGPractice.TC03VerifyBuyPage.LogInFunctionality()'><b>LogInFunctionality</b><br>Test class: TestNGPractice.TC03VerifyBuyPage</td>
<td></td>
<td>-1678120887</td>
<td>TestNGPractice.TC03VerifyBuyPage@21282ed8</td></tr>
<tr>
<td title='TestNGPractice.TC01VerifyHomePage.LogInFunctionality()'><b>LogInFunctionality</b><br>Test class: TestNGPractice.TC01VerifyHomePage</td>
<td></td>
<td>-1678120887</td>
<td>TestNGPractice.TC01VerifyHomePage@3e11f9e9</td></tr>
<tr>
<td title='TestNGPractice.TC02VerifyCartPage.CloseBrowser()'><b>CloseBrowser</b><br>Test class: TestNGPractice.TC02VerifyCartPage</td>
<td></td>
<td>-1678120887</td>
<td>TestNGPractice.TC02VerifyCartPage@550dbc7a</td></tr>
<tr>
<td title='TestNGPractice.TC02VerifyCartPage.LogInFunctionality()'><b>LogInFunctionality</b><br>Test class: TestNGPractice.TC02VerifyCartPage</td>
<td></td>
<td>-1678120887</td>
<td>TestNGPractice.TC02VerifyCartPage@550dbc7a</td></tr>
<tr>
<td title='TestNGPractice.TC03VerifyBuyPage.LogOutFunctionality()'><b>LogOutFunctionality</b><br>Test class: TestNGPractice.TC03VerifyBuyPage</td>
<td></td>
<td>-1678120887</td>
<td>TestNGPractice.TC03VerifyBuyPage@21282ed8</td></tr>
<tr>
<td title='TestNGPractice.TC01VerifyHomePage.LogOutFunctionality()'><b>LogOutFunctionality</b><br>Test class: TestNGPractice.TC01VerifyHomePage</td>
<td></td>
<td>-1678120887</td>
<td>TestNGPractice.TC01VerifyHomePage@3e11f9e9</td></tr>
<tr>
<td title='TestNGPractice.TC03VerifyBuyPage.CloseBrowser()'><b>CloseBrowser</b><br>Test class: TestNGPractice.TC03VerifyBuyPage</td>
<td></td>
<td>-1678120887</td>
<td>TestNGPractice.TC03VerifyBuyPage@21282ed8</td></tr>
</table><p>
<table width='100%' border='1' class='invocation-skipped'>
<tr><td colspan='4' align='center'><b>SKIPPED TESTS</b></td></tr>
<tr><td><b>Test method</b></td>
<td width="30%"><b>Exception</b></td>
<td width="10%"><b>Time (seconds)</b></td>
<td><b>Instance</b></td>
</tr>
<tr>
<td title='TestNGPractice.TC01VerifyHomePage.VerifyHomePage()'><b>VerifyHomePage</b><br>Test class: TestNGPractice.TC01VerifyHomePage</td>
<td><div><pre>org.testng.TestNGException: 
Parameter &apos;BrowserName&apos; is required by BeforeClass on method setUp but has not been marked @Optional or defined
in H:\workspaceECLIPSE\SELENIUM\testng.xml
	at java.base/java.util.concurrent.ThreadPoolExecutor.runWorker(ThreadPoolExecutor.java:1136)
	at java.base/java.util.concurrent.ThreadPoolExecutor$Worker.run(ThreadPoolExecutor.java:635)
	at java.base/java.lang.Thread.run(Thread.java:833)
... Removed 7 stack frames</pre></div><a href='#' onClick='toggleBox("stack-trace1854770622", this, "Click to show all stack frames", "Click to hide stack frames")'>Click to show all stack frames</a>
<div class='stack-trace' id='stack-trace1854770622'><pre>org.testng.TestNGException: 
Parameter &apos;BrowserName&apos; is required by BeforeClass on method setUp but has not been marked @Optional or defined
in H:\workspaceECLIPSE\SELENIUM\testng.xml
	at org.testng.internal.Parameters.createParams(Parameters.java:270)
	at org.testng.internal.Parameters.createParametersForMethod(Parameters.java:358)
	at org.testng.internal.Parameters.createParameters(Parameters.java:700)
	at org.testng.internal.Parameters.createConfigurationParameters(Parameters.java:168)
	at org.testng.internal.ConfigInvoker.invokeConfigurations(ConfigInvoker.java:302)
	at org.testng.internal.TestMethodWorker.invokeBeforeClassMethods(TestMethodWorker.java:176)
	at org.testng.internal.TestMethodWorker.run(TestMethodWorker.java:122)
	at java.base/java.util.concurrent.ThreadPoolExecutor.runWorker(ThreadPoolExecutor.java:1136)
	at java.base/java.util.concurrent.ThreadPoolExecutor$Worker.run(ThreadPoolExecutor.java:635)
	at java.base/java.lang.Thread.run(Thread.java:833)
</pre></div></td>
<td>0</td>
<td>TestNGPractice.TC01VerifyHomePage@3e11f9e9</td></tr>
<tr>
<td title='TestNGPractice.TC02VerifyCartPage.CartPage()'><b>CartPage</b><br>Test class: TestNGPractice.TC02VerifyCartPage</td>
<td><div><pre>org.testng.TestNGException: 
Parameter &apos;BrowserName&apos; is required by BeforeClass on method setUp but has not been marked @Optional or defined
in H:\workspaceECLIPSE\SELENIUM\testng.xml
	at java.base/java.util.concurrent.ThreadPoolExecutor.runWorker(ThreadPoolExecutor.java:1136)
	at java.base/java.util.concurrent.ThreadPoolExecutor$Worker.run(ThreadPoolExecutor.java:635)
	at java.base/java.lang.Thread.run(Thread.java:833)
... Removed 7 stack frames</pre></div><a href='#' onClick='toggleBox("stack-trace1274721577", this, "Click to show all stack frames", "Click to hide stack frames")'>Click to show all stack frames</a>
<div class='stack-trace' id='stack-trace1274721577'><pre>org.testng.TestNGException: 
Parameter &apos;BrowserName&apos; is required by BeforeClass on method setUp but has not been marked @Optional or defined
in H:\workspaceECLIPSE\SELENIUM\testng.xml
	at org.testng.internal.Parameters.createParams(Parameters.java:270)
	at org.testng.internal.Parameters.createParametersForMethod(Parameters.java:358)
	at org.testng.internal.Parameters.createParameters(Parameters.java:700)
	at org.testng.internal.Parameters.createConfigurationParameters(Parameters.java:168)
	at org.testng.internal.ConfigInvoker.invokeConfigurations(ConfigInvoker.java:302)
	at org.testng.internal.TestMethodWorker.invokeBeforeClassMethods(TestMethodWorker.java:176)
	at org.testng.internal.TestMethodWorker.run(TestMethodWorker.java:122)
	at java.base/java.util.concurrent.ThreadPoolExecutor.runWorker(ThreadPoolExecutor.java:1136)
	at java.base/java.util.concurrent.ThreadPoolExecutor$Worker.run(ThreadPoolExecutor.java:635)
	at java.base/java.lang.Thread.run(Thread.java:833)
</pre></div></td>
<td>0</td>
<td>TestNGPractice.TC02VerifyCartPage@550dbc7a</td></tr>
<tr>
<td title='TestNGPractice.TC03VerifyBuyPage.VerifyPage()'><b>VerifyPage</b><br>Test class: TestNGPractice.TC03VerifyBuyPage</td>
<td><div><pre>org.testng.TestNGException: 
Parameter &apos;BrowserName&apos; is required by BeforeClass on method setUp but has not been marked @Optional or defined
in H:\workspaceECLIPSE\SELENIUM\testng.xml
	at java.base/java.util.concurrent.ThreadPoolExecutor.runWorker(ThreadPoolExecutor.java:1136)
	at java.base/java.util.concurrent.ThreadPoolExecutor$Worker.run(ThreadPoolExecutor.java:635)
	at java.base/java.lang.Thread.run(Thread.java:833)
... Removed 7 stack frames</pre></div><a href='#' onClick='toggleBox("stack-trace1616463870", this, "Click to show all stack frames", "Click to hide stack frames")'>Click to show all stack frames</a>
<div class='stack-trace' id='stack-trace1616463870'><pre>org.testng.TestNGException: 
Parameter &apos;BrowserName&apos; is required by BeforeClass on method setUp but has not been marked @Optional or defined
in H:\workspaceECLIPSE\SELENIUM\testng.xml
	at org.testng.internal.Parameters.createParams(Parameters.java:270)
	at org.testng.internal.Parameters.createParametersForMethod(Parameters.java:358)
	at org.testng.internal.Parameters.createParameters(Parameters.java:700)
	at org.testng.internal.Parameters.createConfigurationParameters(Parameters.java:168)
	at org.testng.internal.ConfigInvoker.invokeConfigurations(ConfigInvoker.java:302)
	at org.testng.internal.TestMethodWorker.invokeBeforeClassMethods(TestMethodWorker.java:176)
	at org.testng.internal.TestMethodWorker.run(TestMethodWorker.java:122)
	at java.base/java.util.concurrent.ThreadPoolExecutor.runWorker(ThreadPoolExecutor.java:1136)
	at java.base/java.util.concurrent.ThreadPoolExecutor$Worker.run(ThreadPoolExecutor.java:635)
	at java.base/java.lang.Thread.run(Thread.java:833)
</pre></div></td>
<td>0</td>
<td>TestNGPractice.TC03VerifyBuyPage@21282ed8</td></tr>
</table><p>
</body>
</html>