<?xml version="1.0" encoding="UTF-8"?>
<!-- Generated by org.testng.reporters.JUnitReportReporter -->
<testsuite hostname="SNEHA" failures="0" tests="2" name="TestNGPractice.TC01VerifyHomePage" time="-1678120832.000" errors="1" timestamp="2023-03-06T22:11:27 IST" skipped="1">
  <testcase classname="TestNGPractice.TC01VerifyHomePage" name="VerifyHomePage" time="0.000">
    <skipped/>
  </testcase> <!-- VerifyHomePage -->
  <system-out/>
  <testcase classname="TestNGPractice.TC01VerifyHomePage" name="setUp" time="-1678120832.000">
    <error message="
Parameter &#039;BrowserName&#039; is required by BeforeClass on method setUp but has not been marked @Optional or defined
in H:\workspaceECLIPSE\SELENIUM\testng.xml" type="org.testng.TestNGException">
      <![CDATA[org.testng.TestNGException: 
Parameter 'BrowserName' is required by BeforeClass on method setUp but has not been marked @Optional or defined
in H:\workspaceECLIPSE\SELENIUM\testng.xml
at org.testng.internal.Parameters.createParams(Parameters.java:270)
at org.testng.internal.Parameters.createParametersForMethod(Parameters.java:358)
at org.testng.internal.Parameters.createParameters(Parameters.java:700)
at org.testng.internal.Parameters.createConfigurationParameters(Parameters.java:168)
at org.testng.internal.ConfigInvoker.invokeConfigurations(ConfigInvoker.java:302)
at org.testng.internal.TestMethodWorker.invokeBeforeClassMethods(TestMethodWorker.java:176)
at org.testng.internal.TestMethodWorker.run(TestMethodWorker.java:122)
at java.base/java.util.concurrent.ThreadPoolExecutor.runWorker(ThreadPoolExecutor.java:1136)
at java.base/java.util.concurrent.ThreadPoolExecutor$Worker.run(ThreadPoolExecutor.java:635)
at java.base/java.lang.Thread.run(Thread.java:833)
]]>
    </error>
  </testcase> <!-- setUp -->
  <system-out/>
</testsuite> <!-- TestNGPractice.TC01VerifyHomePage -->
